2016-05-24 20:04:21 DEBUG SpringJUnit4ClassRunner:113 - SpringJUnit4ClassRunner constructor called with [class com.espark.adarsh.SpringAopTest].
2016-05-24 20:04:21 DEBUG BootstrapUtils:78 - Instantiating TestContextBootstrapper from class [org.springframework.test.context.support.DefaultTestContextBootstrapper]
2016-05-24 20:04:21 TRACE ContextLoaderUtils:275 - Retrieved @ContextConfiguration [@org.springframework.test.context.ContextConfiguration(inheritInitializers=true, loader=interface org.springframework.test.context.ContextLoader, initializers=[], classes=[], name=, locations=[], value=[classpath:/configuration/applicationContext.xml], inheritLocations=true)] for declaring class [com.espark.adarsh.SpringAopTest].
2016-05-24 20:04:21 TRACE ContextLoaderUtils:282 - Resolved context configuration attributes: [ContextConfigurationAttributes@1adae5d declaringClass = 'com.espark.adarsh.SpringAopTest', classes = '{}', locations = '{classpath:/configuration/applicationContext.xml}', inheritLocations = true, initializers = '{}', inheritInitializers = true, name = [null], contextLoaderClass = 'org.springframework.test.context.ContextLoader']
2016-05-24 20:04:21 TRACE DefaultTestContextBootstrapper:437 - Resolving ContextLoader for context configuration attributes [ContextConfigurationAttributes@1adae5d declaringClass = 'com.espark.adarsh.SpringAopTest', classes = '{}', locations = '{classpath:/configuration/applicationContext.xml}', inheritLocations = true, initializers = '{}', inheritInitializers = true, name = [null], contextLoaderClass = 'org.springframework.test.context.ContextLoader']
2016-05-24 20:04:21 TRACE DefaultTestContextBootstrapper:405 - Using ContextLoader class [org.springframework.test.context.support.DelegatingSmartContextLoader] for test class [com.espark.adarsh.SpringAopTest]
2016-05-24 20:04:21 TRACE DefaultTestContextBootstrapper:343 - Processing locations and classes for context configuration attributes [ContextConfigurationAttributes@1adae5d declaringClass = 'com.espark.adarsh.SpringAopTest', classes = '{}', locations = '{classpath:/configuration/applicationContext.xml}', inheritLocations = true, initializers = '{}', inheritInitializers = true, name = [null], contextLoaderClass = 'org.springframework.test.context.ContextLoader']
2016-05-24 20:04:21 DEBUG AbstractDelegatingSmartContextLoader:97 - Delegating to GenericXmlContextLoader to process context configuration [ContextConfigurationAttributes@1adae5d declaringClass = 'com.espark.adarsh.SpringAopTest', classes = '{}', locations = '{classpath:/configuration/applicationContext.xml}', inheritLocations = true, initializers = '{}', inheritInitializers = true, name = [null], contextLoaderClass = 'org.springframework.test.context.ContextLoader'].
2016-05-24 20:04:21 TRACE ApplicationContextInitializerUtils:81 - Processing context initializers for context configuration attributes [ContextConfigurationAttributes@1adae5d declaringClass = 'com.espark.adarsh.SpringAopTest', classes = '{}', locations = '{classpath:/configuration/applicationContext.xml}', inheritLocations = true, initializers = '{}', inheritInitializers = true, name = [null], contextLoaderClass = 'org.springframework.test.context.ContextLoader']
2016-05-24 20:04:21 DEBUG ActiveProfilesUtils:83 - Could not find an 'annotation declaring class' for annotation type [org.springframework.test.context.ActiveProfiles] and class [com.espark.adarsh.SpringAopTest]
2016-05-24 20:04:21 DEBUG DefaultTestContextBootstrapper:113 - @TestExecutionListeners is not present for class [com.espark.adarsh.SpringAopTest]: using defaults.
2016-05-24 20:04:22 INFO  DefaultTestContextBootstrapper:256 - Loaded default TestExecutionListener class names from location [META-INF/spring.factories]: [org.springframework.test.context.web.ServletTestExecutionListener, org.springframework.test.context.support.DependencyInjectionTestExecutionListener, org.springframework.test.context.support.DirtiesContextTestExecutionListener, org.springframework.test.context.transaction.TransactionalTestExecutionListener, org.springframework.test.context.jdbc.SqlScriptsTestExecutionListener]
2016-05-24 20:04:22 INFO  DefaultTestContextBootstrapper:204 - Could not instantiate TestExecutionListener [org.springframework.test.context.jdbc.SqlScriptsTestExecutionListener]. Specify custom listener classes or make the default listener classes (and their required dependencies) available. Offending class: [org/springframework/transaction/interceptor/TransactionAttribute]
2016-05-24 20:04:22 INFO  DefaultTestContextBootstrapper:204 - Could not instantiate TestExecutionListener [org.springframework.test.context.transaction.TransactionalTestExecutionListener]. Specify custom listener classes or make the default listener classes (and their required dependencies) available. Offending class: [org/springframework/transaction/interceptor/TransactionAttributeSource]
2016-05-24 20:04:22 INFO  DefaultTestContextBootstrapper:204 - Could not instantiate TestExecutionListener [org.springframework.test.context.web.ServletTestExecutionListener]. Specify custom listener classes or make the default listener classes (and their required dependencies) available. Offending class: [javax/servlet/ServletContext]
2016-05-24 20:04:22 INFO  DefaultTestContextBootstrapper:182 - Using TestExecutionListeners: [org.springframework.test.context.support.DependencyInjectionTestExecutionListener@1e8b406, org.springframework.test.context.support.DirtiesContextTestExecutionListener@756e4d]
2016-05-24 20:04:22 TRACE TestContextManager:131 - Registering TestExecutionListener: org.springframework.test.context.support.DependencyInjectionTestExecutionListener@1e8b406
2016-05-24 20:04:22 TRACE TestContextManager:131 - Registering TestExecutionListener: org.springframework.test.context.support.DirtiesContextTestExecutionListener@756e4d
2016-05-24 20:04:22 DEBUG ProfileValueUtils:71 - Retrieved @ProfileValueSourceConfiguration [null] for test class [com.espark.adarsh.SpringAopTest]
2016-05-24 20:04:22 DEBUG ProfileValueUtils:83 - Retrieved ProfileValueSource type [class org.springframework.test.annotation.SystemProfileValueSource] for class [com.espark.adarsh.SpringAopTest]
2016-05-24 20:04:22 DEBUG ProfileValueUtils:71 - Retrieved @ProfileValueSourceConfiguration [null] for test class [com.espark.adarsh.SpringAopTest]
2016-05-24 20:04:22 DEBUG ProfileValueUtils:83 - Retrieved ProfileValueSource type [class org.springframework.test.annotation.SystemProfileValueSource] for class [com.espark.adarsh.SpringAopTest]
2016-05-24 20:04:22 TRACE TestContextManager:173 - beforeTestClass(): class [com.espark.adarsh.SpringAopTest]
2016-05-24 20:04:22 DEBUG ProfileValueUtils:71 - Retrieved @ProfileValueSourceConfiguration [null] for test class [com.espark.adarsh.SpringAopTest]
2016-05-24 20:04:22 DEBUG ProfileValueUtils:83 - Retrieved ProfileValueSource type [class org.springframework.test.annotation.SystemProfileValueSource] for class [com.espark.adarsh.SpringAopTest]
2016-05-24 20:04:22 TRACE TestContextManager:206 - prepareTestInstance(): instance [com.espark.adarsh.SpringAopTest@19a81e8]
2016-05-24 20:04:22 DEBUG DependencyInjectionTestExecutionListener:81 - Performing dependency injection for test context [[DefaultTestContext@1629756 testClass = SpringAopTest, testInstance = com.espark.adarsh.SpringAopTest@19a81e8, testMethod = [null], testException = [null], mergedContextConfiguration = [MergedContextConfiguration@ee68d8 testClass = SpringAopTest, locations = '{classpath:/configuration/applicationContext.xml}', classes = '{}', contextInitializerClasses = '[]', activeProfiles = '{}', propertySourceLocations = '{}', propertySourceProperties = '{}', contextLoader = 'org.springframework.test.context.support.DelegatingSmartContextLoader', parent = [null]]]].
2016-05-24 20:04:22 DEBUG AbstractDelegatingSmartContextLoader:107 - Delegating to GenericXmlContextLoader to load context from [MergedContextConfiguration@ee68d8 testClass = SpringAopTest, locations = '{classpath:/configuration/applicationContext.xml}', classes = '{}', contextInitializerClasses = '[]', activeProfiles = '{}', propertySourceLocations = '{}', propertySourceProperties = '{}', contextLoader = 'org.springframework.test.context.support.DelegatingSmartContextLoader', parent = [null]].
2016-05-24 20:04:22 DEBUG AbstractGenericContextLoader:107 - Loading ApplicationContext for merged context configuration [[MergedContextConfiguration@ee68d8 testClass = SpringAopTest, locations = '{classpath:/configuration/applicationContext.xml}', classes = '{}', contextInitializerClasses = '[]', activeProfiles = '{}', propertySourceLocations = '{}', propertySourceProperties = '{}', contextLoader = 'org.springframework.test.context.support.DelegatingSmartContextLoader', parent = [null]]].
2016-05-24 20:04:22 DEBUG PathMatchingResourcePatternResolver:187 - Found Equinox FileLocator for OSGi bundle URL resolution
2016-05-24 20:04:22 DEBUG StandardEnvironment:109 - Adding [systemProperties] PropertySource with lowest search precedence
2016-05-24 20:04:22 DEBUG StandardEnvironment:109 - Adding [systemEnvironment] PropertySource with lowest search precedence
2016-05-24 20:04:22 DEBUG StandardEnvironment:126 - Initialized StandardEnvironment with PropertySources [systemProperties,systemEnvironment]
2016-05-24 20:04:22 INFO  XmlBeanDefinitionReader:317 - Loading XML bean definitions from class path resource [configuration/applicationContext.xml]
2016-05-24 20:04:22 DEBUG DefaultDocumentLoader:73 - Using JAXP provider [com.sun.org.apache.xerces.internal.jaxp.DocumentBuilderFactoryImpl]
2016-05-24 20:04:22 TRACE PluggableSchemaResolver:106 - Trying to resolve XML entity with public id [null] and system id [http://www.springframework.org/schema/beans/spring-beans.xsd]
2016-05-24 20:04:22 DEBUG PluggableSchemaResolver:141 - Loading schema mappings from [META-INF/spring.schemas]
2016-05-24 20:04:22 DEBUG PluggableSchemaResolver:147 - Loaded schema mappings: {http://www.springframework.org/schema/util/spring-util.xsd=org/springframework/beans/factory/xml/spring-util-4.1.xsd, http://www.springframework.org/schema/jee/spring-jee-3.2.xsd=org/springframework/ejb/config/spring-jee-3.2.xsd, http://www.springframework.org/schema/beans/spring-beans-4.1.xsd=org/springframework/beans/factory/xml/spring-beans-4.1.xsd, http://www.springframework.org/schema/beans/spring-beans-3.1.xsd=org/springframework/beans/factory/xml/spring-beans-3.1.xsd, http://www.springframework.org/schema/task/spring-task.xsd=org/springframework/scheduling/config/spring-task-4.1.xsd, http://www.springframework.org/schema/cache/spring-cache.xsd=org/springframework/cache/config/spring-cache-4.1.xsd, http://www.springframework.org/schema/aop/spring-aop-3.0.xsd=org/springframework/aop/config/spring-aop-3.0.xsd, http://www.springframework.org/schema/task/spring-task-3.1.xsd=org/springframework/scheduling/config/spring-task-3.1.xsd, http://www.springframework.org/schema/aop/spring-aop-2.0.xsd=org/springframework/aop/config/spring-aop-2.0.xsd, http://www.springframework.org/schema/aop/spring-aop-4.0.xsd=org/springframework/aop/config/spring-aop-4.0.xsd, http://www.springframework.org/schema/task/spring-task-4.1.xsd=org/springframework/scheduling/config/spring-task-4.1.xsd, http://www.springframework.org/schema/tool/spring-tool-2.5.xsd=org/springframework/beans/factory/xml/spring-tool-2.5.xsd, http://www.springframework.org/schema/beans/spring-beans.xsd=org/springframework/beans/factory/xml/spring-beans-4.1.xsd, http://www.springframework.org/schema/jee/spring-jee-2.5.xsd=org/springframework/ejb/config/spring-jee-2.5.xsd, http://www.springframework.org/schema/tool/spring-tool-3.1.xsd=org/springframework/beans/factory/xml/spring-tool-3.1.xsd, http://www.springframework.org/schema/tool/spring-tool-4.1.xsd=org/springframework/beans/factory/xml/spring-tool-4.1.xsd, http://www.springframework.org/schema/aop/spring-aop.xsd=org/springframework/aop/config/spring-aop-4.1.xsd, http://www.springframework.org/schema/jee/spring-jee-3.1.xsd=org/springframework/ejb/config/spring-jee-3.1.xsd, http://www.springframework.org/schema/context/spring-context-3.2.xsd=org/springframework/context/config/spring-context-3.2.xsd, http://www.springframework.org/schema/jee/spring-jee-4.1.xsd=org/springframework/ejb/config/spring-jee-4.1.xsd, http://www.springframework.org/schema/util/spring-util-3.2.xsd=org/springframework/beans/factory/xml/spring-util-3.2.xsd, http://www.springframework.org/schema/beans/spring-beans-2.0.xsd=org/springframework/beans/factory/xml/spring-beans-2.0.xsd, http://www.springframework.org/schema/beans/spring-beans-4.0.xsd=org/springframework/beans/factory/xml/spring-beans-4.0.xsd, http://www.springframework.org/schema/lang/spring-lang-3.2.xsd=org/springframework/scripting/config/spring-lang-3.2.xsd, http://www.springframework.org/schema/beans/spring-beans-3.0.xsd=org/springframework/beans/factory/xml/spring-beans-3.0.xsd, http://www.springframework.org/schema/cache/spring-cache-3.2.xsd=org/springframework/cache/config/spring-cache-3.2.xsd, http://www.springframework.org/schema/task/spring-task-3.0.xsd=org/springframework/scheduling/config/spring-task-3.0.xsd, http://www.springframework.org/schema/task/spring-task-4.0.xsd=org/springframework/scheduling/config/spring-task-4.0.xsd, http://www.springframework.org/schema/context/spring-context-2.5.xsd=org/springframework/context/config/spring-context-2.5.xsd, http://www.springframework.org/schema/tool/spring-tool-3.0.xsd=org/springframework/beans/factory/xml/spring-tool-3.0.xsd, http://www.springframework.org/schema/util/spring-util-2.5.xsd=org/springframework/beans/factory/xml/spring-util-2.5.xsd, http://www.springframework.org/schema/tool/spring-tool-2.0.xsd=org/springframework/beans/factory/xml/spring-tool-2.0.xsd, http://www.springframework.org/schema/lang/spring-lang.xsd=org/springframework/scripting/config/spring-lang-4.1.xsd, http://www.springframework.org/schema/tool/spring-tool-4.0.xsd=org/springframework/beans/factory/xml/spring-tool-4.0.xsd, http://www.springframework.org/schema/lang/spring-lang-2.5.xsd=org/springframework/scripting/config/spring-lang-2.5.xsd, http://www.springframework.org/schema/aop/spring-aop-3.2.xsd=org/springframework/aop/config/spring-aop-3.2.xsd, http://www.springframework.org/schema/context/spring-context-4.1.xsd=org/springframework/context/config/spring-context-4.1.xsd, http://www.springframework.org/schema/jee/spring-jee-3.0.xsd=org/springframework/ejb/config/spring-jee-3.0.xsd, http://www.springframework.org/schema/jee/spring-jee-2.0.xsd=org/springframework/ejb/config/spring-jee-2.0.xsd, http://www.springframework.org/schema/context/spring-context-3.1.xsd=org/springframework/context/config/spring-context-3.1.xsd, http://www.springframework.org/schema/jee/spring-jee-4.0.xsd=org/springframework/ejb/config/spring-jee-4.0.xsd, http://www.springframework.org/schema/util/spring-util-3.1.xsd=org/springframework/beans/factory/xml/spring-util-3.1.xsd, http://www.springframework.org/schema/lang/spring-lang-3.1.xsd=org/springframework/scripting/config/spring-lang-3.1.xsd, http://www.springframework.org/schema/util/spring-util-4.1.xsd=org/springframework/beans/factory/xml/spring-util-4.1.xsd, http://www.springframework.org/schema/cache/spring-cache-4.1.xsd=org/springframework/cache/config/spring-cache-4.1.xsd, http://www.springframework.org/schema/lang/spring-lang-4.1.xsd=org/springframework/scripting/config/spring-lang-4.1.xsd, http://www.springframework.org/schema/cache/spring-cache-3.1.xsd=org/springframework/cache/config/spring-cache-3.1.xsd, http://www.springframework.org/schema/context/spring-context.xsd=org/springframework/context/config/spring-context-4.1.xsd, http://www.springframework.org/schema/jee/spring-jee.xsd=org/springframework/ejb/config/spring-jee-4.1.xsd, http://www.springframework.org/schema/aop/spring-aop-2.5.xsd=org/springframework/aop/config/spring-aop-2.5.xsd, http://www.springframework.org/schema/beans/spring-beans-3.2.xsd=org/springframework/beans/factory/xml/spring-beans-3.2.xsd, http://www.springframework.org/schema/aop/spring-aop-3.1.xsd=org/springframework/aop/config/spring-aop-3.1.xsd, http://www.springframework.org/schema/task/spring-task-3.2.xsd=org/springframework/scheduling/config/spring-task-3.2.xsd, http://www.springframework.org/schema/context/spring-context-4.0.xsd=org/springframework/context/config/spring-context-4.0.xsd, http://www.springframework.org/schema/aop/spring-aop-4.1.xsd=org/springframework/aop/config/spring-aop-4.1.xsd, http://www.springframework.org/schema/context/spring-context-3.0.xsd=org/springframework/context/config/spring-context-3.0.xsd, http://www.springframework.org/schema/tool/spring-tool.xsd=org/springframework/beans/factory/xml/spring-tool-4.1.xsd, http://www.springframework.org/schema/util/spring-util-3.0.xsd=org/springframework/beans/factory/xml/spring-util-3.0.xsd, http://www.springframework.org/schema/util/spring-util-2.0.xsd=org/springframework/beans/factory/xml/spring-util-2.0.xsd, http://www.springframework.org/schema/lang/spring-lang-3.0.xsd=org/springframework/scripting/config/spring-lang-3.0.xsd, http://www.springframework.org/schema/util/spring-util-4.0.xsd=org/springframework/beans/factory/xml/spring-util-4.0.xsd, http://www.springframework.org/schema/lang/spring-lang-2.0.xsd=org/springframework/scripting/config/spring-lang-2.0.xsd, http://www.springframework.org/schema/cache/spring-cache-4.0.xsd=org/springframework/cache/config/spring-cache-4.0.xsd, http://www.springframework.org/schema/lang/spring-lang-4.0.xsd=org/springframework/scripting/config/spring-lang-4.0.xsd, http://www.springframework.org/schema/tool/spring-tool-3.2.xsd=org/springframework/beans/factory/xml/spring-tool-3.2.xsd, http://www.springframework.org/schema/beans/spring-beans-2.5.xsd=org/springframework/beans/factory/xml/spring-beans-2.5.xsd}
2016-05-24 20:04:22 DEBUG PluggableSchemaResolver:119 - Found XML schema [http://www.springframework.org/schema/beans/spring-beans.xsd] in classpath: org/springframework/beans/factory/xml/spring-beans-4.1.xsd
2016-05-24 20:04:22 TRACE PluggableSchemaResolver:106 - Trying to resolve XML entity with public id [null] and system id [http://www.springframework.org/schema/context/spring-context.xsd]
2016-05-24 20:04:22 DEBUG PluggableSchemaResolver:119 - Found XML schema [http://www.springframework.org/schema/context/spring-context.xsd] in classpath: org/springframework/context/config/spring-context-4.1.xsd
2016-05-24 20:04:22 TRACE PluggableSchemaResolver:106 - Trying to resolve XML entity with public id [null] and system id [http://www.springframework.org/schema/tool/spring-tool-4.1.xsd]
2016-05-24 20:04:22 DEBUG PluggableSchemaResolver:119 - Found XML schema [http://www.springframework.org/schema/tool/spring-tool-4.1.xsd] in classpath: org/springframework/beans/factory/xml/spring-tool-4.1.xsd
2016-05-24 20:04:22 TRACE PluggableSchemaResolver:106 - Trying to resolve XML entity with public id [null] and system id [http://www.springframework.org/schema/aop/spring-aop.xsd]
2016-05-24 20:04:22 DEBUG PluggableSchemaResolver:119 - Found XML schema [http://www.springframework.org/schema/aop/spring-aop.xsd] in classpath: org/springframework/aop/config/spring-aop-4.1.xsd
2016-05-24 20:04:22 DEBUG DefaultBeanDefinitionDocumentReader:98 - Loading bean definitions
2016-05-24 20:04:22 DEBUG DefaultNamespaceHandlerResolver:157 - Loaded NamespaceHandler mappings: {http://www.springframework.org/schema/p=org.springframework.beans.factory.xml.SimplePropertyNamespaceHandler, http://www.springframework.org/schema/util=org.springframework.beans.factory.xml.UtilNamespaceHandler, http://www.springframework.org/schema/jee=org.springframework.ejb.config.JeeNamespaceHandler, http://www.springframework.org/schema/aop=org.springframework.aop.config.AopNamespaceHandler, http://www.springframework.org/schema/cache=org.springframework.cache.config.CacheNamespaceHandler, http://www.springframework.org/schema/c=org.springframework.beans.factory.xml.SimpleConstructorNamespaceHandler, http://www.springframework.org/schema/task=org.springframework.scheduling.config.TaskNamespaceHandler, http://www.springframework.org/schema/lang=org.springframework.scripting.config.LangNamespaceHandler, http://www.springframework.org/schema/context=org.springframework.context.config.ContextNamespaceHandler}
2016-05-24 20:04:22 DEBUG PathMatchingResourcePatternResolver:631 - Looking for matching resources in directory tree [E:\espark_github\spring_aop\SpringAopPointCutAndAspectAnnotationExample\target\test-classes\com\espark\adarsh]
2016-05-24 20:04:22 DEBUG PathMatchingResourcePatternResolver:693 - Searching directory [E:\espark_github\spring_aop\SpringAopPointCutAndAspectAnnotationExample\target\test-classes\com\espark\adarsh] for files matching pattern [E:/espark_github/spring_aop/SpringAopPointCutAndAspectAnnotationExample/target/test-classes/com/espark/adarsh/**/*.class]
2016-05-24 20:04:22 DEBUG PathMatchingResourcePatternResolver:631 - Looking for matching resources in directory tree [E:\espark_github\spring_aop\SpringAopPointCutAndAspectAnnotationExample\target\classes\com\espark\adarsh]
2016-05-24 20:04:22 DEBUG PathMatchingResourcePatternResolver:693 - Searching directory [E:\espark_github\spring_aop\SpringAopPointCutAndAspectAnnotationExample\target\classes\com\espark\adarsh] for files matching pattern [E:/espark_github/spring_aop/SpringAopPointCutAndAspectAnnotationExample/target/classes/com/espark/adarsh/**/*.class]
2016-05-24 20:04:22 DEBUG PathMatchingResourcePatternResolver:693 - Searching directory [E:\espark_github\spring_aop\SpringAopPointCutAndAspectAnnotationExample\target\classes\com\espark\adarsh\aop] for files matching pattern [E:/espark_github/spring_aop/SpringAopPointCutAndAspectAnnotationExample/target/classes/com/espark/adarsh/**/*.class]
2016-05-24 20:04:22 DEBUG PathMatchingResourcePatternResolver:693 - Searching directory [E:\espark_github\spring_aop\SpringAopPointCutAndAspectAnnotationExample\target\classes\com\espark\adarsh\bean] for files matching pattern [E:/espark_github/spring_aop/SpringAopPointCutAndAspectAnnotationExample/target/classes/com/espark/adarsh/**/*.class]
2016-05-24 20:04:22 DEBUG PathMatchingResourcePatternResolver:693 - Searching directory [E:\espark_github\spring_aop\SpringAopPointCutAndAspectAnnotationExample\target\classes\com\espark\adarsh\service] for files matching pattern [E:/espark_github/spring_aop/SpringAopPointCutAndAspectAnnotationExample/target/classes/com/espark/adarsh/**/*.class]
2016-05-24 20:04:22 DEBUG PathMatchingResourcePatternResolver:424 - Resolved location pattern [classpath*:com/espark/adarsh/**/*.class] to resources [file [E:\espark_github\spring_aop\SpringAopPointCutAndAspectAnnotationExample\target\test-classes\com\espark\adarsh\SpringAopTest$1.class], file [E:\espark_github\spring_aop\SpringAopPointCutAndAspectAnnotationExample\target\test-classes\com\espark\adarsh\SpringAopTest$2.class], file [E:\espark_github\spring_aop\SpringAopPointCutAndAspectAnnotationExample\target\test-classes\com\espark\adarsh\SpringAopTest.class], file [E:\espark_github\spring_aop\SpringAopPointCutAndAspectAnnotationExample\target\classes\com\espark\adarsh\aop\EmployeeServiceAspect.class], file [E:\espark_github\spring_aop\SpringAopPointCutAndAspectAnnotationExample\target\classes\com\espark\adarsh\bean\Employee.class], file [E:\espark_github\spring_aop\SpringAopPointCutAndAspectAnnotationExample\target\classes\com\espark\adarsh\service\EmployeeService.class], file [E:\espark_github\spring_aop\SpringAopPointCutAndAspectAnnotationExample\target\classes\com\espark\adarsh\service\EmployeeServiceImpl.class]]
2016-05-24 20:04:22 TRACE ClassPathBeanDefinitionScanner:275 - Scanning file [E:\espark_github\spring_aop\SpringAopPointCutAndAspectAnnotationExample\target\test-classes\com\espark\adarsh\SpringAopTest$1.class]
2016-05-24 20:04:22 TRACE ClassPathBeanDefinitionScanner:298 - Ignored because not matching any filter: file [E:\espark_github\spring_aop\SpringAopPointCutAndAspectAnnotationExample\target\test-classes\com\espark\adarsh\SpringAopTest$1.class]
2016-05-24 20:04:22 TRACE ClassPathBeanDefinitionScanner:275 - Scanning file [E:\espark_github\spring_aop\SpringAopPointCutAndAspectAnnotationExample\target\test-classes\com\espark\adarsh\SpringAopTest$2.class]
2016-05-24 20:04:22 TRACE ClassPathBeanDefinitionScanner:298 - Ignored because not matching any filter: file [E:\espark_github\spring_aop\SpringAopPointCutAndAspectAnnotationExample\target\test-classes\com\espark\adarsh\SpringAopTest$2.class]
2016-05-24 20:04:22 TRACE ClassPathBeanDefinitionScanner:275 - Scanning file [E:\espark_github\spring_aop\SpringAopPointCutAndAspectAnnotationExample\target\test-classes\com\espark\adarsh\SpringAopTest.class]
2016-05-24 20:04:22 TRACE ClassPathBeanDefinitionScanner:298 - Ignored because not matching any filter: file [E:\espark_github\spring_aop\SpringAopPointCutAndAspectAnnotationExample\target\test-classes\com\espark\adarsh\SpringAopTest.class]
2016-05-24 20:04:22 TRACE ClassPathBeanDefinitionScanner:275 - Scanning file [E:\espark_github\spring_aop\SpringAopPointCutAndAspectAnnotationExample\target\classes\com\espark\adarsh\aop\EmployeeServiceAspect.class]
2016-05-24 20:04:22 DEBUG ClassPathBeanDefinitionScanner:286 - Identified candidate component class: file [E:\espark_github\spring_aop\SpringAopPointCutAndAspectAnnotationExample\target\classes\com\espark\adarsh\aop\EmployeeServiceAspect.class]
2016-05-24 20:04:22 TRACE ClassPathBeanDefinitionScanner:275 - Scanning file [E:\espark_github\spring_aop\SpringAopPointCutAndAspectAnnotationExample\target\classes\com\espark\adarsh\bean\Employee.class]
2016-05-24 20:04:22 TRACE ClassPathBeanDefinitionScanner:298 - Ignored because not matching any filter: file [E:\espark_github\spring_aop\SpringAopPointCutAndAspectAnnotationExample\target\classes\com\espark\adarsh\bean\Employee.class]
2016-05-24 20:04:22 TRACE ClassPathBeanDefinitionScanner:275 - Scanning file [E:\espark_github\spring_aop\SpringAopPointCutAndAspectAnnotationExample\target\classes\com\espark\adarsh\service\EmployeeService.class]
2016-05-24 20:04:22 TRACE ClassPathBeanDefinitionScanner:298 - Ignored because not matching any filter: file [E:\espark_github\spring_aop\SpringAopPointCutAndAspectAnnotationExample\target\classes\com\espark\adarsh\service\EmployeeService.class]
2016-05-24 20:04:22 TRACE ClassPathBeanDefinitionScanner:275 - Scanning file [E:\espark_github\spring_aop\SpringAopPointCutAndAspectAnnotationExample\target\classes\com\espark\adarsh\service\EmployeeServiceImpl.class]
2016-05-24 20:04:22 DEBUG ClassPathBeanDefinitionScanner:286 - Identified candidate component class: file [E:\espark_github\spring_aop\SpringAopPointCutAndAspectAnnotationExample\target\classes\com\espark\adarsh\service\EmployeeServiceImpl.class]
2016-05-24 20:04:23 DEBUG XmlBeanDefinitionReader:224 - Loaded 7 bean definitions from location pattern [classpath:/configuration/applicationContext.xml]
2016-05-24 20:04:23 INFO  GenericApplicationContext:510 - Refreshing org.springframework.context.support.GenericApplicationContext@653222: startup date [Tue May 24 20:04:23 IST 2016]; root of context hierarchy
2016-05-24 20:04:23 DEBUG GenericApplicationContext:540 - Bean factory for org.springframework.context.support.GenericApplicationContext@653222: org.springframework.beans.factory.support.DefaultListableBeanFactory@12c72c2: defining beans [employeeServiceAspect,employeeService,org.springframework.context.annotation.internalConfigurationAnnotationProcessor,org.springframework.context.annotation.internalAutowiredAnnotationProcessor,org.springframework.context.annotation.internalRequiredAnnotationProcessor,org.springframework.context.annotation.internalCommonAnnotationProcessor,org.springframework.aop.config.internalAutoProxyCreator]; root of factory hierarchy
2016-05-24 20:04:23 DEBUG DefaultListableBeanFactory:221 - Creating shared instance of singleton bean 'org.springframework.context.annotation.internalConfigurationAnnotationProcessor'
2016-05-24 20:04:23 DEBUG DefaultListableBeanFactory:450 - Creating instance of bean 'org.springframework.context.annotation.internalConfigurationAnnotationProcessor'
2016-05-24 20:04:23 DEBUG DefaultListableBeanFactory:523 - Eagerly caching bean 'org.springframework.context.annotation.internalConfigurationAnnotationProcessor' to allow for resolving potential circular references
2016-05-24 20:04:23 DEBUG DefaultListableBeanFactory:478 - Finished creating instance of bean 'org.springframework.context.annotation.internalConfigurationAnnotationProcessor'
2016-05-24 20:04:23 DEBUG ConfigurationClassEnhancer:102 - Successfully enhanced com.espark.adarsh.aop.EmployeeServiceAspect; enhanced class name is: com.espark.adarsh.aop.EmployeeServiceAspect$$EnhancerBySpringCGLIB$$9448aa6a
2016-05-24 20:04:23 DEBUG ConfigurationClassPostProcessor:388 - Replacing bean definition 'employeeServiceAspect' existing class name 'com.espark.adarsh.aop.EmployeeServiceAspect' with enhanced class name 'com.espark.adarsh.aop.EmployeeServiceAspect$$EnhancerBySpringCGLIB$$9448aa6a'
2016-05-24 20:04:23 DEBUG DefaultListableBeanFactory:221 - Creating shared instance of singleton bean 'org.springframework.context.annotation.internalAutowiredAnnotationProcessor'
2016-05-24 20:04:23 DEBUG DefaultListableBeanFactory:450 - Creating instance of bean 'org.springframework.context.annotation.internalAutowiredAnnotationProcessor'
2016-05-24 20:04:23 DEBUG DefaultListableBeanFactory:523 - Eagerly caching bean 'org.springframework.context.annotation.internalAutowiredAnnotationProcessor' to allow for resolving potential circular references
2016-05-24 20:04:23 DEBUG DefaultListableBeanFactory:478 - Finished creating instance of bean 'org.springframework.context.annotation.internalAutowiredAnnotationProcessor'
2016-05-24 20:04:23 DEBUG DefaultListableBeanFactory:221 - Creating shared instance of singleton bean 'org.springframework.context.annotation.internalRequiredAnnotationProcessor'
2016-05-24 20:04:23 DEBUG DefaultListableBeanFactory:450 - Creating instance of bean 'org.springframework.context.annotation.internalRequiredAnnotationProcessor'
2016-05-24 20:04:23 DEBUG DefaultListableBeanFactory:523 - Eagerly caching bean 'org.springframework.context.annotation.internalRequiredAnnotationProcessor' to allow for resolving potential circular references
2016-05-24 20:04:23 DEBUG DefaultListableBeanFactory:478 - Finished creating instance of bean 'org.springframework.context.annotation.internalRequiredAnnotationProcessor'
2016-05-24 20:04:23 DEBUG DefaultListableBeanFactory:221 - Creating shared instance of singleton bean 'org.springframework.context.annotation.internalCommonAnnotationProcessor'
2016-05-24 20:04:23 DEBUG DefaultListableBeanFactory:450 - Creating instance of bean 'org.springframework.context.annotation.internalCommonAnnotationProcessor'
2016-05-24 20:04:23 DEBUG DefaultListableBeanFactory:523 - Eagerly caching bean 'org.springframework.context.annotation.internalCommonAnnotationProcessor' to allow for resolving potential circular references
2016-05-24 20:04:23 DEBUG DefaultListableBeanFactory:478 - Finished creating instance of bean 'org.springframework.context.annotation.internalCommonAnnotationProcessor'
2016-05-24 20:04:23 DEBUG DefaultListableBeanFactory:221 - Creating shared instance of singleton bean 'org.springframework.context.annotation.ConfigurationClassPostProcessor.importAwareProcessor'
2016-05-24 20:04:23 DEBUG DefaultListableBeanFactory:450 - Creating instance of bean 'org.springframework.context.annotation.ConfigurationClassPostProcessor.importAwareProcessor'
2016-05-24 20:04:23 DEBUG DefaultListableBeanFactory:523 - Eagerly caching bean 'org.springframework.context.annotation.ConfigurationClassPostProcessor.importAwareProcessor' to allow for resolving potential circular references
2016-05-24 20:04:23 DEBUG DefaultListableBeanFactory:478 - Finished creating instance of bean 'org.springframework.context.annotation.ConfigurationClassPostProcessor.importAwareProcessor'
2016-05-24 20:04:23 DEBUG DefaultListableBeanFactory:221 - Creating shared instance of singleton bean 'org.springframework.context.annotation.ConfigurationClassPostProcessor.enhancedConfigurationProcessor'
2016-05-24 20:04:23 DEBUG DefaultListableBeanFactory:450 - Creating instance of bean 'org.springframework.context.annotation.ConfigurationClassPostProcessor.enhancedConfigurationProcessor'
2016-05-24 20:04:23 DEBUG DefaultListableBeanFactory:523 - Eagerly caching bean 'org.springframework.context.annotation.ConfigurationClassPostProcessor.enhancedConfigurationProcessor' to allow for resolving potential circular references
2016-05-24 20:04:23 DEBUG DefaultListableBeanFactory:478 - Finished creating instance of bean 'org.springframework.context.annotation.ConfigurationClassPostProcessor.enhancedConfigurationProcessor'
2016-05-24 20:04:23 DEBUG DefaultListableBeanFactory:221 - Creating shared instance of singleton bean 'org.springframework.aop.config.internalAutoProxyCreator'
2016-05-24 20:04:23 DEBUG DefaultListableBeanFactory:450 - Creating instance of bean 'org.springframework.aop.config.internalAutoProxyCreator'
2016-05-24 20:04:23 DEBUG DefaultListableBeanFactory:523 - Eagerly caching bean 'org.springframework.aop.config.internalAutoProxyCreator' to allow for resolving potential circular references
2016-05-24 20:04:23 TRACE SpringFactoriesLoader:87 - Loaded [org.springframework.beans.BeanInfoFactory] names: [org.springframework.beans.ExtendedBeanInfoFactory]
2016-05-24 20:04:23 TRACE CachedIntrospectionResults:265 - Getting BeanInfo for class [org.springframework.aop.aspectj.annotation.AnnotationAwareAspectJAutoProxyCreator]
2016-05-24 20:04:23 TRACE CachedIntrospectionResults:284 - Caching PropertyDescriptors for class [org.springframework.aop.aspectj.annotation.AnnotationAwareAspectJAutoProxyCreator]
2016-05-24 20:04:23 TRACE CachedIntrospectionResults:297 - Found bean property 'advisorAdapterRegistry' of type [org.springframework.aop.framework.adapter.AdvisorAdapterRegistry]
2016-05-24 20:04:23 TRACE CachedIntrospectionResults:297 - Found bean property 'applyCommonInterceptorsFirst' of type [boolean]
2016-05-24 20:04:23 TRACE CachedIntrospectionResults:297 - Found bean property 'aspectJAdvisorFactory' of type [org.springframework.aop.aspectj.annotation.AspectJAdvisorFactory]
2016-05-24 20:04:23 TRACE CachedIntrospectionResults:297 - Found bean property 'beanClassLoader' of type [java.lang.ClassLoader]
2016-05-24 20:04:23 TRACE CachedIntrospectionResults:297 - Found bean property 'beanFactory' of type [org.springframework.beans.factory.BeanFactory]
2016-05-24 20:04:23 TRACE CachedIntrospectionResults:297 - Found bean property 'class' of type [java.lang.Class]
2016-05-24 20:04:23 TRACE CachedIntrospectionResults:297 - Found bean property 'customTargetSourceCreators' of type [[Lorg.springframework.aop.framework.autoproxy.TargetSourceCreator;]
2016-05-24 20:04:23 TRACE CachedIntrospectionResults:297 - Found bean property 'exposeProxy' of type [boolean]
2016-05-24 20:04:23 TRACE CachedIntrospectionResults:297 - Found bean property 'frozen' of type [boolean]
2016-05-24 20:04:23 TRACE CachedIntrospectionResults:297 - Found bean property 'includePatterns' of type [java.util.List]
2016-05-24 20:04:23 TRACE CachedIntrospectionResults:297 - Found bean property 'interceptorNames' of type [[Ljava.lang.String;]
2016-05-24 20:04:23 TRACE CachedIntrospectionResults:297 - Found bean property 'opaque' of type [boolean]
2016-05-24 20:04:23 TRACE CachedIntrospectionResults:297 - Found bean property 'optimize' of type [boolean]
2016-05-24 20:04:23 TRACE CachedIntrospectionResults:297 - Found bean property 'order' of type [int]
2016-05-24 20:04:23 TRACE CachedIntrospectionResults:297 - Found bean property 'proxyClassLoader' of type [java.lang.ClassLoader]
2016-05-24 20:04:23 TRACE CachedIntrospectionResults:297 - Found bean property 'proxyTargetClass' of type [boolean]
2016-05-24 20:04:23 DEBUG DefaultListableBeanFactory:478 - Finished creating instance of bean 'org.springframework.aop.config.internalAutoProxyCreator'
2016-05-24 20:04:23 DEBUG GenericApplicationContext:646 - Unable to locate MessageSource with name 'messageSource': using default [org.springframework.context.support.DelegatingMessageSource@19f10e1]
2016-05-24 20:04:23 DEBUG GenericApplicationContext:670 - Unable to locate ApplicationEventMulticaster with name 'applicationEventMulticaster': using default [org.springframework.context.event.SimpleApplicationEventMulticaster@4fb17b]
2016-05-24 20:04:23 DEBUG DefaultListableBeanFactory:724 - Pre-instantiating singletons in org.springframework.beans.factory.support.DefaultListableBeanFactory@12c72c2: defining beans [employeeServiceAspect,employeeService,org.springframework.context.annotation.internalConfigurationAnnotationProcessor,org.springframework.context.annotation.internalAutowiredAnnotationProcessor,org.springframework.context.annotation.internalRequiredAnnotationProcessor,org.springframework.context.annotation.internalCommonAnnotationProcessor,org.springframework.aop.config.internalAutoProxyCreator,org.springframework.context.annotation.ConfigurationClassPostProcessor.importAwareProcessor,org.springframework.context.annotation.ConfigurationClassPostProcessor.enhancedConfigurationProcessor]; root of factory hierarchy
2016-05-24 20:04:23 DEBUG DefaultListableBeanFactory:221 - Creating shared instance of singleton bean 'employeeServiceAspect'
2016-05-24 20:04:23 DEBUG DefaultListableBeanFactory:450 - Creating instance of bean 'employeeServiceAspect'
2016-05-24 20:04:23 DEBUG DefaultListableBeanFactory:523 - Eagerly caching bean 'employeeServiceAspect' to allow for resolving potential circular references
2016-05-24 20:04:23 TRACE CachedIntrospectionResults:265 - Getting BeanInfo for class [com.espark.adarsh.aop.EmployeeServiceAspect$$EnhancerBySpringCGLIB$$9448aa6a]
2016-05-24 20:04:23 TRACE CachedIntrospectionResults:284 - Caching PropertyDescriptors for class [com.espark.adarsh.aop.EmployeeServiceAspect$$EnhancerBySpringCGLIB$$9448aa6a]
2016-05-24 20:04:23 TRACE CachedIntrospectionResults:297 - Found bean property 'beanFactory' of type [org.springframework.beans.factory.BeanFactory]
2016-05-24 20:04:23 TRACE CachedIntrospectionResults:297 - Found bean property 'class' of type [java.lang.Class]
2016-05-24 20:04:23 DEBUG DefaultListableBeanFactory:478 - Finished creating instance of bean 'employeeServiceAspect'
2016-05-24 20:04:23 DEBUG DefaultListableBeanFactory:221 - Creating shared instance of singleton bean 'employeeService'
2016-05-24 20:04:23 DEBUG DefaultListableBeanFactory:450 - Creating instance of bean 'employeeService'
2016-05-24 20:04:23 DEBUG ReflectiveAspectJAdvisorFactory:221 - Found AspectJ method: public java.lang.Object com.espark.adarsh.aop.EmployeeServiceAspect.employeeServiceSaveEmployeeAroundAdvice(org.aspectj.lang.ProceedingJoinPoint) throws java.lang.Throwable
2016-05-24 20:04:23 DEBUG ReflectiveAspectJAdvisorFactory:221 - Found AspectJ method: public void com.espark.adarsh.aop.EmployeeServiceAspect.employeeServiceSaveEmployeeBeforeAdvice(org.aspectj.lang.JoinPoint)
2016-05-24 20:04:23 DEBUG ReflectiveAspectJAdvisorFactory:221 - Found AspectJ method: public void com.espark.adarsh.aop.EmployeeServiceAspect.employeeServiceSaveEmployeeAfterAdvice(org.aspectj.lang.JoinPoint)
2016-05-24 20:04:23 DEBUG ReflectiveAspectJAdvisorFactory:221 - Found AspectJ method: public void com.espark.adarsh.aop.EmployeeServiceAspect.employeeServiceSaveEmployeeAfterReturningAdvice(org.aspectj.lang.JoinPoint,java.lang.Object)
2016-05-24 20:04:23 DEBUG ReflectiveAspectJAdvisorFactory:221 - Found AspectJ method: public void com.espark.adarsh.aop.EmployeeServiceAspect.employeeServiceSaveEmployeeAfterThrowingAdvice(org.aspectj.lang.JoinPoint,java.lang.Throwable)
2016-05-24 20:04:23 DEBUG DefaultListableBeanFactory:523 - Eagerly caching bean 'employeeService' to allow for resolving potential circular references
2016-05-24 20:04:23 TRACE CachedIntrospectionResults:265 - Getting BeanInfo for class [com.espark.adarsh.service.EmployeeServiceImpl]
2016-05-24 20:04:23 TRACE CachedIntrospectionResults:284 - Caching PropertyDescriptors for class [com.espark.adarsh.service.EmployeeServiceImpl]
2016-05-24 20:04:23 TRACE CachedIntrospectionResults:297 - Found bean property 'class' of type [java.lang.Class]
2016-05-24 20:04:24 DEBUG AnnotationAwareAspectJAutoProxyCreator:505 - Creating implicit proxy for bean 'employeeService' with 0 common interceptors and 6 specific interceptors
2016-05-24 20:04:24 DEBUG JdkDynamicAopProxy:117 - Creating JDK dynamic proxy: target source is SingletonTargetSource for target object [com.espark.adarsh.service.EmployeeServiceImpl@4fa0a]
2016-05-24 20:04:24 DEBUG DefaultListableBeanFactory:478 - Finished creating instance of bean 'employeeService'
2016-05-24 20:04:24 DEBUG DefaultListableBeanFactory:248 - Returning cached instance of singleton bean 'org.springframework.context.annotation.internalConfigurationAnnotationProcessor'
2016-05-24 20:04:24 DEBUG DefaultListableBeanFactory:248 - Returning cached instance of singleton bean 'org.springframework.context.annotation.internalAutowiredAnnotationProcessor'
2016-05-24 20:04:24 DEBUG DefaultListableBeanFactory:248 - Returning cached instance of singleton bean 'org.springframework.context.annotation.internalRequiredAnnotationProcessor'
2016-05-24 20:04:24 DEBUG DefaultListableBeanFactory:248 - Returning cached instance of singleton bean 'org.springframework.context.annotation.internalCommonAnnotationProcessor'
2016-05-24 20:04:24 DEBUG DefaultListableBeanFactory:248 - Returning cached instance of singleton bean 'org.springframework.aop.config.internalAutoProxyCreator'
2016-05-24 20:04:24 DEBUG DefaultListableBeanFactory:248 - Returning cached instance of singleton bean 'org.springframework.context.annotation.ConfigurationClassPostProcessor.importAwareProcessor'
2016-05-24 20:04:24 DEBUG DefaultListableBeanFactory:248 - Returning cached instance of singleton bean 'org.springframework.context.annotation.ConfigurationClassPostProcessor.enhancedConfigurationProcessor'
2016-05-24 20:04:24 DEBUG GenericApplicationContext:697 - Unable to locate LifecycleProcessor with name 'lifecycleProcessor': using default [org.springframework.context.support.DefaultLifecycleProcessor@1e360a]
2016-05-24 20:04:24 DEBUG DefaultListableBeanFactory:248 - Returning cached instance of singleton bean 'lifecycleProcessor'
2016-05-24 20:04:24 TRACE GenericApplicationContext:329 - Publishing event in org.springframework.context.support.GenericApplicationContext@653222: org.springframework.context.event.ContextRefreshedEvent[source=org.springframework.context.support.GenericApplicationContext@653222: startup date [Tue May 24 20:04:23 IST 2016]; root of context hierarchy]
2016-05-24 20:04:24 TRACE PropertySourcesPropertyResolver:76 - getProperty("spring.liveBeansView.mbeanDomain", String)
2016-05-24 20:04:24 DEBUG PropertySourcesPropertyResolver:81 - Searching for key 'spring.liveBeansView.mbeanDomain' in [systemProperties]
2016-05-24 20:04:24 DEBUG PropertySourcesPropertyResolver:81 - Searching for key 'spring.liveBeansView.mbeanDomain' in [systemEnvironment]
2016-05-24 20:04:24 DEBUG PropertySourcesPropertyResolver:103 - Could not find key 'spring.liveBeansView.mbeanDomain' in any property source. Returning [null]
2016-05-24 20:04:24 DEBUG DefaultCacheAwareContextLoaderDelegate:88 - Storing ApplicationContext in cache under key [[MergedContextConfiguration@ee68d8 testClass = SpringAopTest, locations = '{classpath:/configuration/applicationContext.xml}', classes = '{}', contextInitializerClasses = '[]', activeProfiles = '{}', propertySourceLocations = '{}', propertySourceProperties = '{}', contextLoader = 'org.springframework.test.context.support.DelegatingSmartContextLoader', parent = [null]]]
2016-05-24 20:04:24 DEBUG cache:105 - Spring test ApplicationContext cache statistics: [ContextCache@9da20d size = 1, hitCount = 0, missCount = 1, parentContextCount = 0]
2016-05-24 20:04:24 TRACE CachedIntrospectionResults:265 - Getting BeanInfo for class [com.espark.adarsh.SpringAopTest]
2016-05-24 20:04:24 TRACE CachedIntrospectionResults:284 - Caching PropertyDescriptors for class [com.espark.adarsh.SpringAopTest]
2016-05-24 20:04:24 TRACE CachedIntrospectionResults:297 - Found bean property 'class' of type [java.lang.Class]
2016-05-24 20:04:24 DEBUG InjectionMetadata:86 - Processing injected element of bean 'com.espark.adarsh.SpringAopTest': AutowiredFieldElement for private com.espark.adarsh.service.EmployeeService com.espark.adarsh.SpringAopTest.employeeService
2016-05-24 20:04:24 DEBUG DefaultListableBeanFactory:248 - Returning cached instance of singleton bean 'employeeService'
2016-05-24 20:04:24 DEBUG AutowiredAnnotationBeanPostProcessor:480 - Autowiring by type from bean name 'com.espark.adarsh.SpringAopTest' to bean named 'employeeService'
2016-05-24 20:04:24 TRACE TestContextManager:243 - beforeTestMethod(): instance [com.espark.adarsh.SpringAopTest@19a81e8], method [public void com.espark.adarsh.SpringAopTest.deleteEmployee()]
2016-05-24 20:04:24 DEBUG DefaultListableBeanFactory:248 - Returning cached instance of singleton bean 'employeeServiceAspect'
2016-05-24 20:04:24 INFO  EmployeeServiceAspect:66 - Before executing employee service save method Employee{employeeId=1, employeeName='Adarsh kumar', employeeEmail='adarsh@kumar'}
2016-05-24 20:04:24 INFO  EmployeeServiceAspect:60 - Before executing employee service save method Employee{employeeId=1, employeeName='Adarsh kumar', employeeEmail='adarsh@kumar'}
2016-05-24 20:04:24 INFO  EmployeeServiceAspect:68 - After executing employee service save method 
2016-05-24 20:04:24 INFO  EmployeeServiceAspect:75 - Before executing employee service save method Employee{employeeId=1, employeeName='Adarsh kumar', employeeEmail='adarsh@kumar'}
2016-05-24 20:04:24 INFO  EmployeeServiceAspect:80 - Exception Generated During executing employee service save method true
2016-05-24 20:04:24 TRACE TestContextManager:287 - afterTestMethod(): instance [com.espark.adarsh.SpringAopTest@19a81e8], method [public void com.espark.adarsh.SpringAopTest.deleteEmployee()], exception [null]
2016-05-24 20:04:24 DEBUG DirtiesContextTestExecutionListener:86 - After test method: context [DefaultTestContext@1629756 testClass = SpringAopTest, testInstance = com.espark.adarsh.SpringAopTest@19a81e8, testMethod = deleteEmployee@SpringAopTest, testException = [null], mergedContextConfiguration = [MergedContextConfiguration@ee68d8 testClass = SpringAopTest, locations = '{classpath:/configuration/applicationContext.xml}', classes = '{}', contextInitializerClasses = '[]', activeProfiles = '{}', propertySourceLocations = '{}', propertySourceProperties = '{}', contextLoader = 'org.springframework.test.context.support.DelegatingSmartContextLoader', parent = [null]]], class dirties context [false], class mode [null], method dirties context [false].
2016-05-24 20:04:24 DEBUG ProfileValueUtils:71 - Retrieved @ProfileValueSourceConfiguration [null] for test class [com.espark.adarsh.SpringAopTest]
2016-05-24 20:04:24 DEBUG ProfileValueUtils:83 - Retrieved ProfileValueSource type [class org.springframework.test.annotation.SystemProfileValueSource] for class [com.espark.adarsh.SpringAopTest]
2016-05-24 20:04:24 TRACE TestContextManager:206 - prepareTestInstance(): instance [com.espark.adarsh.SpringAopTest@19499f1]
2016-05-24 20:04:24 DEBUG DependencyInjectionTestExecutionListener:81 - Performing dependency injection for test context [[DefaultTestContext@1629756 testClass = SpringAopTest, testInstance = com.espark.adarsh.SpringAopTest@19499f1, testMethod = [null], testException = [null], mergedContextConfiguration = [MergedContextConfiguration@ee68d8 testClass = SpringAopTest, locations = '{classpath:/configuration/applicationContext.xml}', classes = '{}', contextInitializerClasses = '[]', activeProfiles = '{}', propertySourceLocations = '{}', propertySourceProperties = '{}', contextLoader = 'org.springframework.test.context.support.DelegatingSmartContextLoader', parent = [null]]]].
2016-05-24 20:04:24 DEBUG DefaultCacheAwareContextLoaderDelegate:99 - Retrieved ApplicationContext from cache with key [[MergedContextConfiguration@ee68d8 testClass = SpringAopTest, locations = '{classpath:/configuration/applicationContext.xml}', classes = '{}', contextInitializerClasses = '[]', activeProfiles = '{}', propertySourceLocations = '{}', propertySourceProperties = '{}', contextLoader = 'org.springframework.test.context.support.DelegatingSmartContextLoader', parent = [null]]]
2016-05-24 20:04:24 DEBUG cache:105 - Spring test ApplicationContext cache statistics: [ContextCache@9da20d size = 1, hitCount = 1, missCount = 1, parentContextCount = 0]
2016-05-24 20:04:24 DEBUG InjectionMetadata:86 - Processing injected element of bean 'com.espark.adarsh.SpringAopTest': AutowiredFieldElement for private com.espark.adarsh.service.EmployeeService com.espark.adarsh.SpringAopTest.employeeService
2016-05-24 20:04:24 DEBUG DefaultListableBeanFactory:248 - Returning cached instance of singleton bean 'employeeService'
2016-05-24 20:04:24 TRACE TestContextManager:243 - beforeTestMethod(): instance [com.espark.adarsh.SpringAopTest@19499f1], method [public void com.espark.adarsh.SpringAopTest.saveEmployees()]
2016-05-24 20:04:24 TRACE TestContextManager:287 - afterTestMethod(): instance [com.espark.adarsh.SpringAopTest@19499f1], method [public void com.espark.adarsh.SpringAopTest.saveEmployees()], exception [null]
2016-05-24 20:04:24 DEBUG DirtiesContextTestExecutionListener:86 - After test method: context [DefaultTestContext@1629756 testClass = SpringAopTest, testInstance = com.espark.adarsh.SpringAopTest@19499f1, testMethod = saveEmployees@SpringAopTest, testException = [null], mergedContextConfiguration = [MergedContextConfiguration@ee68d8 testClass = SpringAopTest, locations = '{classpath:/configuration/applicationContext.xml}', classes = '{}', contextInitializerClasses = '[]', activeProfiles = '{}', propertySourceLocations = '{}', propertySourceProperties = '{}', contextLoader = 'org.springframework.test.context.support.DelegatingSmartContextLoader', parent = [null]]], class dirties context [false], class mode [null], method dirties context [false].
2016-05-24 20:04:24 DEBUG ProfileValueUtils:71 - Retrieved @ProfileValueSourceConfiguration [null] for test class [com.espark.adarsh.SpringAopTest]
2016-05-24 20:04:24 DEBUG ProfileValueUtils:83 - Retrieved ProfileValueSource type [class org.springframework.test.annotation.SystemProfileValueSource] for class [com.espark.adarsh.SpringAopTest]
2016-05-24 20:04:24 TRACE TestContextManager:206 - prepareTestInstance(): instance [com.espark.adarsh.SpringAopTest@1e69659]
2016-05-24 20:04:24 DEBUG DependencyInjectionTestExecutionListener:81 - Performing dependency injection for test context [[DefaultTestContext@1629756 testClass = SpringAopTest, testInstance = com.espark.adarsh.SpringAopTest@1e69659, testMethod = [null], testException = [null], mergedContextConfiguration = [MergedContextConfiguration@ee68d8 testClass = SpringAopTest, locations = '{classpath:/configuration/applicationContext.xml}', classes = '{}', contextInitializerClasses = '[]', activeProfiles = '{}', propertySourceLocations = '{}', propertySourceProperties = '{}', contextLoader = 'org.springframework.test.context.support.DelegatingSmartContextLoader', parent = [null]]]].
2016-05-24 20:04:24 DEBUG DefaultCacheAwareContextLoaderDelegate:99 - Retrieved ApplicationContext from cache with key [[MergedContextConfiguration@ee68d8 testClass = SpringAopTest, locations = '{classpath:/configuration/applicationContext.xml}', classes = '{}', contextInitializerClasses = '[]', activeProfiles = '{}', propertySourceLocations = '{}', propertySourceProperties = '{}', contextLoader = 'org.springframework.test.context.support.DelegatingSmartContextLoader', parent = [null]]]
2016-05-24 20:04:24 DEBUG cache:105 - Spring test ApplicationContext cache statistics: [ContextCache@9da20d size = 1, hitCount = 2, missCount = 1, parentContextCount = 0]
2016-05-24 20:04:24 DEBUG InjectionMetadata:86 - Processing injected element of bean 'com.espark.adarsh.SpringAopTest': AutowiredFieldElement for private com.espark.adarsh.service.EmployeeService com.espark.adarsh.SpringAopTest.employeeService
2016-05-24 20:04:24 DEBUG DefaultListableBeanFactory:248 - Returning cached instance of singleton bean 'employeeService'
2016-05-24 20:04:24 TRACE TestContextManager:243 - beforeTestMethod(): instance [com.espark.adarsh.SpringAopTest@1e69659], method [public void com.espark.adarsh.SpringAopTest.saveEmployee()]
2016-05-24 20:04:24 INFO  EmployeeServiceAspect:66 - Before executing employee service save method Employee{employeeId=1, employeeName='Adarsh kumar', employeeEmail='adarsh@kumar'}
2016-05-24 20:04:24 INFO  EmployeeServiceAspect:60 - Before executing employee service save method Employee{employeeId=1, employeeName='Adarsh kumar', employeeEmail='adarsh@kumar'}
2016-05-24 20:04:24 INFO  EmployeeServiceAspect:68 - After executing employee service save method 
2016-05-24 20:04:24 INFO  EmployeeServiceAspect:75 - Before executing employee service save method Employee{employeeId=1, employeeName='Adarsh kumar', employeeEmail='adarsh@kumar'}
2016-05-24 20:04:24 INFO  EmployeeServiceAspect:80 - Exception Generated During executing employee service save method true
2016-05-24 20:04:24 TRACE TestContextManager:287 - afterTestMethod(): instance [com.espark.adarsh.SpringAopTest@1e69659], method [public void com.espark.adarsh.SpringAopTest.saveEmployee()], exception [null]
2016-05-24 20:04:24 DEBUG DirtiesContextTestExecutionListener:86 - After test method: context [DefaultTestContext@1629756 testClass = SpringAopTest, testInstance = com.espark.adarsh.SpringAopTest@1e69659, testMethod = saveEmployee@SpringAopTest, testException = [null], mergedContextConfiguration = [MergedContextConfiguration@ee68d8 testClass = SpringAopTest, locations = '{classpath:/configuration/applicationContext.xml}', classes = '{}', contextInitializerClasses = '[]', activeProfiles = '{}', propertySourceLocations = '{}', propertySourceProperties = '{}', contextLoader = 'org.springframework.test.context.support.DelegatingSmartContextLoader', parent = [null]]], class dirties context [false], class mode [null], method dirties context [false].
2016-05-24 20:04:24 DEBUG ProfileValueUtils:71 - Retrieved @ProfileValueSourceConfiguration [null] for test class [com.espark.adarsh.SpringAopTest]
2016-05-24 20:04:24 DEBUG ProfileValueUtils:83 - Retrieved ProfileValueSource type [class org.springframework.test.annotation.SystemProfileValueSource] for class [com.espark.adarsh.SpringAopTest]
2016-05-24 20:04:24 TRACE TestContextManager:206 - prepareTestInstance(): instance [com.espark.adarsh.SpringAopTest@1e2e487]
2016-05-24 20:04:24 DEBUG DependencyInjectionTestExecutionListener:81 - Performing dependency injection for test context [[DefaultTestContext@1629756 testClass = SpringAopTest, testInstance = com.espark.adarsh.SpringAopTest@1e2e487, testMethod = [null], testException = [null], mergedContextConfiguration = [MergedContextConfiguration@ee68d8 testClass = SpringAopTest, locations = '{classpath:/configuration/applicationContext.xml}', classes = '{}', contextInitializerClasses = '[]', activeProfiles = '{}', propertySourceLocations = '{}', propertySourceProperties = '{}', contextLoader = 'org.springframework.test.context.support.DelegatingSmartContextLoader', parent = [null]]]].
2016-05-24 20:04:24 DEBUG DefaultCacheAwareContextLoaderDelegate:99 - Retrieved ApplicationContext from cache with key [[MergedContextConfiguration@ee68d8 testClass = SpringAopTest, locations = '{classpath:/configuration/applicationContext.xml}', classes = '{}', contextInitializerClasses = '[]', activeProfiles = '{}', propertySourceLocations = '{}', propertySourceProperties = '{}', contextLoader = 'org.springframework.test.context.support.DelegatingSmartContextLoader', parent = [null]]]
2016-05-24 20:04:24 DEBUG cache:105 - Spring test ApplicationContext cache statistics: [ContextCache@9da20d size = 1, hitCount = 3, missCount = 1, parentContextCount = 0]
2016-05-24 20:04:24 DEBUG InjectionMetadata:86 - Processing injected element of bean 'com.espark.adarsh.SpringAopTest': AutowiredFieldElement for private com.espark.adarsh.service.EmployeeService com.espark.adarsh.SpringAopTest.employeeService
2016-05-24 20:04:24 DEBUG DefaultListableBeanFactory:248 - Returning cached instance of singleton bean 'employeeService'
2016-05-24 20:04:24 TRACE TestContextManager:243 - beforeTestMethod(): instance [com.espark.adarsh.SpringAopTest@1e2e487], method [public void com.espark.adarsh.SpringAopTest.updateEmployee()]
2016-05-24 20:04:24 TRACE TestContextManager:287 - afterTestMethod(): instance [com.espark.adarsh.SpringAopTest@1e2e487], method [public void com.espark.adarsh.SpringAopTest.updateEmployee()], exception [null]
2016-05-24 20:04:24 DEBUG DirtiesContextTestExecutionListener:86 - After test method: context [DefaultTestContext@1629756 testClass = SpringAopTest, testInstance = com.espark.adarsh.SpringAopTest@1e2e487, testMethod = updateEmployee@SpringAopTest, testException = [null], mergedContextConfiguration = [MergedContextConfiguration@ee68d8 testClass = SpringAopTest, locations = '{classpath:/configuration/applicationContext.xml}', classes = '{}', contextInitializerClasses = '[]', activeProfiles = '{}', propertySourceLocations = '{}', propertySourceProperties = '{}', contextLoader = 'org.springframework.test.context.support.DelegatingSmartContextLoader', parent = [null]]], class dirties context [false], class mode [null], method dirties context [false].
2016-05-24 20:04:24 DEBUG ProfileValueUtils:71 - Retrieved @ProfileValueSourceConfiguration [null] for test class [com.espark.adarsh.SpringAopTest]
2016-05-24 20:04:24 DEBUG ProfileValueUtils:83 - Retrieved ProfileValueSource type [class org.springframework.test.annotation.SystemProfileValueSource] for class [com.espark.adarsh.SpringAopTest]
2016-05-24 20:04:24 TRACE TestContextManager:206 - prepareTestInstance(): instance [com.espark.adarsh.SpringAopTest@1001b64]
2016-05-24 20:04:24 DEBUG DependencyInjectionTestExecutionListener:81 - Performing dependency injection for test context [[DefaultTestContext@1629756 testClass = SpringAopTest, testInstance = com.espark.adarsh.SpringAopTest@1001b64, testMethod = [null], testException = [null], mergedContextConfiguration = [MergedContextConfiguration@ee68d8 testClass = SpringAopTest, locations = '{classpath:/configuration/applicationContext.xml}', classes = '{}', contextInitializerClasses = '[]', activeProfiles = '{}', propertySourceLocations = '{}', propertySourceProperties = '{}', contextLoader = 'org.springframework.test.context.support.DelegatingSmartContextLoader', parent = [null]]]].
2016-05-24 20:04:24 DEBUG DefaultCacheAwareContextLoaderDelegate:99 - Retrieved ApplicationContext from cache with key [[MergedContextConfiguration@ee68d8 testClass = SpringAopTest, locations = '{classpath:/configuration/applicationContext.xml}', classes = '{}', contextInitializerClasses = '[]', activeProfiles = '{}', propertySourceLocations = '{}', propertySourceProperties = '{}', contextLoader = 'org.springframework.test.context.support.DelegatingSmartContextLoader', parent = [null]]]
2016-05-24 20:04:24 DEBUG cache:105 - Spring test ApplicationContext cache statistics: [ContextCache@9da20d size = 1, hitCount = 4, missCount = 1, parentContextCount = 0]
2016-05-24 20:04:24 DEBUG InjectionMetadata:86 - Processing injected element of bean 'com.espark.adarsh.SpringAopTest': AutowiredFieldElement for private com.espark.adarsh.service.EmployeeService com.espark.adarsh.SpringAopTest.employeeService
2016-05-24 20:04:24 DEBUG DefaultListableBeanFactory:248 - Returning cached instance of singleton bean 'employeeService'
2016-05-24 20:04:24 TRACE TestContextManager:243 - beforeTestMethod(): instance [com.espark.adarsh.SpringAopTest@1001b64], method [public void com.espark.adarsh.SpringAopTest.selectEmployees()]
2016-05-24 20:04:24 TRACE TestContextManager:287 - afterTestMethod(): instance [com.espark.adarsh.SpringAopTest@1001b64], method [public void com.espark.adarsh.SpringAopTest.selectEmployees()], exception [null]
2016-05-24 20:04:24 DEBUG DirtiesContextTestExecutionListener:86 - After test method: context [DefaultTestContext@1629756 testClass = SpringAopTest, testInstance = com.espark.adarsh.SpringAopTest@1001b64, testMethod = selectEmployees@SpringAopTest, testException = [null], mergedContextConfiguration = [MergedContextConfiguration@ee68d8 testClass = SpringAopTest, locations = '{classpath:/configuration/applicationContext.xml}', classes = '{}', contextInitializerClasses = '[]', activeProfiles = '{}', propertySourceLocations = '{}', propertySourceProperties = '{}', contextLoader = 'org.springframework.test.context.support.DelegatingSmartContextLoader', parent = [null]]], class dirties context [false], class mode [null], method dirties context [false].
2016-05-24 20:04:24 DEBUG ProfileValueUtils:71 - Retrieved @ProfileValueSourceConfiguration [null] for test class [com.espark.adarsh.SpringAopTest]
2016-05-24 20:04:24 DEBUG ProfileValueUtils:83 - Retrieved ProfileValueSource type [class org.springframework.test.annotation.SystemProfileValueSource] for class [com.espark.adarsh.SpringAopTest]
2016-05-24 20:04:24 TRACE TestContextManager:206 - prepareTestInstance(): instance [com.espark.adarsh.SpringAopTest@310d43]
2016-05-24 20:04:24 DEBUG DependencyInjectionTestExecutionListener:81 - Performing dependency injection for test context [[DefaultTestContext@1629756 testClass = SpringAopTest, testInstance = com.espark.adarsh.SpringAopTest@310d43, testMethod = [null], testException = [null], mergedContextConfiguration = [MergedContextConfiguration@ee68d8 testClass = SpringAopTest, locations = '{classpath:/configuration/applicationContext.xml}', classes = '{}', contextInitializerClasses = '[]', activeProfiles = '{}', propertySourceLocations = '{}', propertySourceProperties = '{}', contextLoader = 'org.springframework.test.context.support.DelegatingSmartContextLoader', parent = [null]]]].
2016-05-24 20:04:24 DEBUG DefaultCacheAwareContextLoaderDelegate:99 - Retrieved ApplicationContext from cache with key [[MergedContextConfiguration@ee68d8 testClass = SpringAopTest, locations = '{classpath:/configuration/applicationContext.xml}', classes = '{}', contextInitializerClasses = '[]', activeProfiles = '{}', propertySourceLocations = '{}', propertySourceProperties = '{}', contextLoader = 'org.springframework.test.context.support.DelegatingSmartContextLoader', parent = [null]]]
2016-05-24 20:04:24 DEBUG cache:105 - Spring test ApplicationContext cache statistics: [ContextCache@9da20d size = 1, hitCount = 5, missCount = 1, parentContextCount = 0]
2016-05-24 20:04:24 DEBUG InjectionMetadata:86 - Processing injected element of bean 'com.espark.adarsh.SpringAopTest': AutowiredFieldElement for private com.espark.adarsh.service.EmployeeService com.espark.adarsh.SpringAopTest.employeeService
2016-05-24 20:04:24 DEBUG DefaultListableBeanFactory:248 - Returning cached instance of singleton bean 'employeeService'
2016-05-24 20:04:24 TRACE TestContextManager:243 - beforeTestMethod(): instance [com.espark.adarsh.SpringAopTest@310d43], method [public void com.espark.adarsh.SpringAopTest.selectEmployee()]
2016-05-24 20:04:24 INFO  EmployeeServiceAspect:66 - Before executing employee service save method Employee{employeeId=1, employeeName='Adarsh kumar', employeeEmail='adarsh@kumar'}
2016-05-24 20:04:24 INFO  EmployeeServiceAspect:60 - Before executing employee service save method Employee{employeeId=1, employeeName='Adarsh kumar', employeeEmail='adarsh@kumar'}
2016-05-24 20:04:24 INFO  EmployeeServiceAspect:68 - After executing employee service save method 
2016-05-24 20:04:24 INFO  EmployeeServiceAspect:75 - Before executing employee service save method Employee{employeeId=1, employeeName='Adarsh kumar', employeeEmail='adarsh@kumar'}
2016-05-24 20:04:24 INFO  EmployeeServiceAspect:80 - Exception Generated During executing employee service save method true
2016-05-24 20:04:24 TRACE TestContextManager:287 - afterTestMethod(): instance [com.espark.adarsh.SpringAopTest@310d43], method [public void com.espark.adarsh.SpringAopTest.selectEmployee()], exception [null]
2016-05-24 20:04:24 DEBUG DirtiesContextTestExecutionListener:86 - After test method: context [DefaultTestContext@1629756 testClass = SpringAopTest, testInstance = com.espark.adarsh.SpringAopTest@310d43, testMethod = selectEmployee@SpringAopTest, testException = [null], mergedContextConfiguration = [MergedContextConfiguration@ee68d8 testClass = SpringAopTest, locations = '{classpath:/configuration/applicationContext.xml}', classes = '{}', contextInitializerClasses = '[]', activeProfiles = '{}', propertySourceLocations = '{}', propertySourceProperties = '{}', contextLoader = 'org.springframework.test.context.support.DelegatingSmartContextLoader', parent = [null]]], class dirties context [false], class mode [null], method dirties context [false].
2016-05-24 20:04:24 TRACE TestContextManager:330 - afterTestClass(): class [com.espark.adarsh.SpringAopTest]
2016-05-24 20:04:24 DEBUG DirtiesContextTestExecutionListener:118 - After test class: context [DefaultTestContext@1629756 testClass = SpringAopTest, testInstance = [null], testMethod = [null], testException = [null], mergedContextConfiguration = [MergedContextConfiguration@ee68d8 testClass = SpringAopTest, locations = '{classpath:/configuration/applicationContext.xml}', classes = '{}', contextInitializerClasses = '[]', activeProfiles = '{}', propertySourceLocations = '{}', propertySourceProperties = '{}', contextLoader = 'org.springframework.test.context.support.DelegatingSmartContextLoader', parent = [null]]], dirtiesContext [false].
2016-05-24 20:04:24 INFO  GenericApplicationContext:862 - Closing org.springframework.context.support.GenericApplicationContext@653222: startup date [Tue May 24 20:04:23 IST 2016]; root of context hierarchy
2016-05-24 20:04:24 TRACE GenericApplicationContext:329 - Publishing event in org.springframework.context.support.GenericApplicationContext@653222: org.springframework.context.event.ContextClosedEvent[source=org.springframework.context.support.GenericApplicationContext@653222: startup date [Tue May 24 20:04:23 IST 2016]; root of context hierarchy]
2016-05-24 20:04:24 DEBUG DefaultListableBeanFactory:248 - Returning cached instance of singleton bean 'lifecycleProcessor'
2016-05-24 20:04:24 DEBUG DefaultListableBeanFactory:512 - Destroying singletons in org.springframework.beans.factory.support.DefaultListableBeanFactory@12c72c2: defining beans [employeeServiceAspect,employeeService,org.springframework.context.annotation.internalConfigurationAnnotationProcessor,org.springframework.context.annotation.internalAutowiredAnnotationProcessor,org.springframework.context.annotation.internalRequiredAnnotationProcessor,org.springframework.context.annotation.internalCommonAnnotationProcessor,org.springframework.aop.config.internalAutoProxyCreator,org.springframework.context.annotation.ConfigurationClassPostProcessor.importAwareProcessor,org.springframework.context.annotation.ConfigurationClassPostProcessor.enhancedConfigurationProcessor]; root of factory hierarchy
2016-05-24 20:04:24 DEBUG DefaultListableBeanFactory:568 - Retrieved dependent beans for bean 'employeeService': [com.espark.adarsh.SpringAopTest]
